* using log directory 'C:/Dados/Development/DEBtool_R/DEBtoolAnimal.Rcheck'
* using R version 3.2.2 (2015-08-14)
* using platform: i386-w64-mingw32 (32-bit)
* using session charset: ISO8859-1
* using option '--as-cran'
* checking for file 'DEBtoolAnimal/DESCRIPTION' ... OK
* checking extension type ... Package
* this is package 'DEBtoolAnimal' version '0.1'
* checking package namespace information ... OK
* checking package dependencies ... OK
* checking if this is a source package ... OK
* checking if there is a namespace ... OK
* checking for executable files ... OK
* checking for hidden files and directories ... OK
* checking for portable file names ... OK
* checking whether package 'DEBtoolAnimal' can be installed ... OK
* checking installed package size ... OK
* checking package directory ... OK
* checking DESCRIPTION meta-information ... OK
* checking top-level files ... NOTE
Non-standard files/directories found at top level:
  'Rd.sty' 'zi4.sty'
* checking for left-over files ... OK
* checking index information ... OK
* checking package subdirectories ... OK
* checking R files for non-ASCII characters ... OK
* checking R files for syntax errors ... OK
* checking whether the package can be loaded ... OK
* checking whether the package can be loaded with stated dependencies ... OK
* checking whether the package can be unloaded cleanly ... OK
* checking whether the namespace can be loaded with stated dependencies ... OK
* checking whether the namespace can be unloaded cleanly ... OK
* checking loading without being on the library search path ... OK
* checking dependencies in R code ... OK
* checking S3 generic/method consistency ... OK
* checking replacement functions ... OK
* checking foreign function calls ... OK
* checking R code for possible problems ... NOTE
addchem: no visible binding for global variable 'd.V'
estim_options: no visible binding for global variable 'cov_rules'
estim_options: no visible binding for global variable
  'pars_init_method'
estim_options: no visible binding for global variable 'pseudodata_pets'
estim_options: no visible binding for global variable 'results_output'
estim_options: no visible binding for global variable 'method'
estim_options: no visible binding for global variable 'info'
estim_pars: no visible binding for global variable 'auxData'
estim_pars: no visible binding for global variable 'metaData'
estim_pars: no visible binding for global variable 'txtData'
estim_pars: no visible binding for global variable 'pets'
estim_pars: no visible binding for global variable 'pars_init_method'
estim_pars: no visible binding for global variable 'metaPar'
estim_pars: no visible binding for global variable 'txtPar'
estim_pars: no visible binding for global variable 'flag'
estim_pars: no visible global function definition for 'get_pars'
estim_pars: no visible binding for global variable 'data.pet1'
estim_pars: no visible binding for global variable 'auxData.pet1'
estim_pars: no visible binding for global variable 'metaData.pet1'
estim_pars: no visible global function definition for 'readMat'
estim_pars: no visible binding for global variable 'par2'
estim_pars: no visible binding for global variable 'cov_rules'
estim_pars: no visible binding for global variable 'passSpec'
estim_pars: no visible binding for global variable 'method'
estim_pars: no visible global function definition for 'groupregr_f'
estim_pars: no visible binding for global variable 'covRulesnm'
mre_st: no visible binding for global variable 'prdData'
mre_st: no visible binding for global variable 'prdInfo'
mydata_pets: no visible binding for global variable 'pets'
mydata_pets: no visible binding for global variable 'pseudodata_pets'
mydata_pets: no visible binding for global variable 'dataTemp'
mydata_pets: no visible binding for global variable 'unitsTemp'
mydata_pets: no visible binding for global variable 'labelTemp'
mydata_pets: no visible binding for global variable 'weightTemp'
nmregr_options: no visible binding for global variable 'report'
nmregr_options: no visible binding for global variable
  'max_step_number'
nmregr_options: no visible binding for global variable 'max_fun_evals'
nmregr_options: no visible binding for global variable 'tol_simplex'
nmregr_options: no visible binding for global variable 'tol_fun'
nmregr_options: no visible binding for global variable 'simplex_size'
nmregr_options: no visible binding for global variable
  'pars_init_method'
nmregr_options: no visible binding for global variable
  'pseudodata_pets'
nmregr_options: no visible binding for global variable 'results_output'
petregr_f: no visible binding for global variable 'max_step_number'
petregr_f: no visible binding for global variable 'max_fun_evals'
petregr_f: no visible binding for global variable 'tol_simplex'
petregr_f: no visible binding for global variable 'tol_fun'
petregr_f: no visible binding for global variable 'simplex_size'
petregr_f: no visible binding for global variable 'report'
petregr_f: no visible binding for global variable 'f'
predict_pets: no visible binding for global variable 'cov_rules'
predict_pets: no visible binding for global variable 'pets'
predict_pets: no visible binding for global variable 'pseudodata_pets'
predict_pets: no visible binding for global variable 'covRulesnm'
reach_birth: no visible binding for global variable 'l.b'
results_pets: no visible binding for global variable 'pets'
results_pets: no visible binding for global variable 'MRE'
results_pets: no visible binding for global variable 'RE'
results_pets: no visible binding for global variable 'info'
results_pets: no visible binding for global variable 'results_output'
results_pets: no visible binding for global variable 'prdData'
results_pets: no visible binding for global variable 'cov_rules'

Found the following assignments to the global environment:
File 'DEBtoolAnimal/R/estim_options.R':
  assign("filter", 1, envir = .GlobalEnv)
  assign("cov_rules", "1species", envir = .GlobalEnv)
  assign("pars_init_method", 0, envir = .GlobalEnv)
  assign("pseudodata_pets", 0, envir = .GlobalEnv)
  assign("results_output", 0, envir = .GlobalEnv)
  assign("method", "nm", envir = .GlobalEnv)
  assign("filter", val, envir = .GlobalEnv)
  assign("method", val, envir = .GlobalEnv)
  assign("pars_init_method", val, envir = .GlobalEnv)
  assign("pseudodata_pets", val, envir = .GlobalEnv)
  assign("results_output", val, envir = .GlobalEnv)
  assign("method", val, envir = .GlobalEnv)
File 'DEBtoolAnimal/R/nmregr_options.R':
  assign("report", 1, envir = .GlobalEnv)
  assign("max_step_number", 500, envir = .GlobalEnv)
  assign("max_fun_evals", 2000, envir = .GlobalEnv)
  assign("tol_simplex", 1e-04, envir = .GlobalEnv)
  assign("tol_fun", 1e-04, envir = .GlobalEnv)
  assign("simplex_size", 0.05, envir = .GlobalEnv)
  assign("report", val, envir = .GlobalEnv)
  assign("max_step_number", val, envir = .GlobalEnv)
  assign("max_fun_evals", val, envir = .GlobalEnv)
  assign("tol_simplex", val, envir = .GlobalEnv)
  assign("tol_fun", val, envir = .GlobalEnv)
  assign("simplex_size", val, envir = .GlobalEnv)
* checking Rd files ... OK
* checking Rd metadata ... OK
* checking Rd line widths ... OK
* checking Rd cross-references ... OK
* checking for missing documentation entries ... OK
* checking for code/documentation mismatches ... OK
* checking Rd \usage sections ... WARNING
Undocumented arguments in documentation object 'get_lp'
  'f'
Documented arguments not in \usage in documentation object 'get_lp':
  'eb'

Undocumented arguments in documentation object 'get_tb'
  'lb'
Documented arguments not in \usage in documentation object 'get_tb':
  'lb0'

Functions with \usage entries need to have the appropriate \alias
entries, and all their arguments documented.
The \usage entries must correspond to syntactically valid R code.
See chapter 'Writing R documentation files' in the 'Writing R
Extensions' manual.
* checking Rd contents ... OK
* checking for unstated dependencies in examples ... OK
* checking examples ... ERROR
Running examples in 'DEBtoolAnimal-Ex.R' failed
The error most likely occurred in:

> base::assign(".ptime", proc.time(), pos = "CheckExEnv")
> ### Name: addchem
> ### Title: Sets chemical parameters and text for units and labels
> ### Aliases: addchem
> 
> ### ** Examples
> 
> pars_init_my_pet(metaData)
Error in get_d_V(phylum, class) : object 'metaData' not found
Calls: pars_init_my_pet -> addchem -> get_d_V
Execution halted
* checking PDF version of manual ... WARNING
LaTeX errors when creating PDF version.
This typically indicates Rd problems.
LaTeX errors found:
* checking PDF version of manual without hyperrefs or index ... ERROR
* DONE
Status: 2 ERRORs, 2 WARNINGs, 2 NOTEs
