\BOOKMARK [1][-]{Rfn.addchem.1}{addchem}{}% 1
\BOOKMARK [1][-]{Rfn.addpseudodata.1}{addpseudodata}{}% 2
\BOOKMARK [1][-]{Rfn.beta0.1}{beta0}{}% 3
\BOOKMARK [1][-]{Rfn.C2K.1}{C2K}{}% 4
\BOOKMARK [1][-]{Rfn.dget.Rul.lbarb2.1}{dget\137lbarb2}{}% 5
\BOOKMARK [1][-]{Rfn.dget.Rul.l.Rul.ISO.1}{dget\137l\137ISO}{}% 6
\BOOKMARK [1][-]{Rfn.estim.Rul.options.1}{estim\137options}{}% 7
\BOOKMARK [1][-]{Rfn.estim.Rul.pars.1}{estim\137pars}{}% 8
\BOOKMARK [1][-]{Rfn.fieldnmnst.1}{fieldnmnst}{}% 9
\BOOKMARK [1][-]{Rfn.fieldnm.Rul.wtxt.1}{fieldnm\137wtxt}{}% 10
\BOOKMARK [1][-]{Rfn.filter.Rul.std.1}{filter\137std}{}% 11
\BOOKMARK [1][-]{Rfn.fnget.Rul.lbarb2.1}{fnget\137lbarb2}{}% 12
\BOOKMARK [1][-]{Rfn.get.Rul.d.Rul.V.1}{get\137d\137V}{}% 13
\BOOKMARK [1][-]{Rfn.get.Rul.lb.1}{get\137lb}{}% 14
\BOOKMARK [1][-]{Rfn.get.Rul.lbarb.1}{get\137lbarb}{}% 15
\BOOKMARK [1][-]{Rfn.get.Rul.lbarb2.1}{get\137lbarb2}{}% 16
\BOOKMARK [1][-]{Rfn.get.Rul.lp.1}{get\137lp}{}% 17
\BOOKMARK [1][-]{Rfn.get.Rul.tb.1}{get\137tb}{}% 18
\BOOKMARK [1][-]{Rfn.get.Rul.tm.Rul.s.1}{get\137tm\137s}{}% 19
\BOOKMARK [1][-]{Rfn.get.Rul.tp.1}{get\137tp}{}% 20
\BOOKMARK [1][-]{Rfn.get.Rul.ubarE0.1}{get\137ubarE0}{}% 21
\BOOKMARK [1][-]{Rfn.get.Rul.ue0.1}{get\137ue0}{}% 22
\BOOKMARK [1][-]{Rfn.initial.Rul.scaled.Rul.reserve.1}{initial\137scaled\137reserve}{}% 23
\BOOKMARK [1][-]{Rfn.K2C.1}{K2C}{}% 24
\BOOKMARK [1][-]{Rfn.mre.Rul.st.1}{mre\137st}{}% 25
\BOOKMARK [1][-]{Rfn.mydata.Rul.my.Rul.pet.1}{mydata\137my\137pet}{}% 26
\BOOKMARK [1][-]{Rfn.mydata.Rul.pets.1}{mydata\137pets}{}% 27
\BOOKMARK [1][-]{Rfn.nmregr.Rul.options.1}{nmregr\137options}{}% 28
\BOOKMARK [1][-]{Rfn.parscomp.1}{parscomp}{}% 29
\BOOKMARK [1][-]{Rfn.pars.Rul.init.Rul.my.Rul.pet.1}{pars\137init\137my\137pet}{}% 30
\BOOKMARK [1][-]{Rfn.petregr.Rul.f.1}{petregr\137f}{}% 31
\BOOKMARK [1][-]{Rfn.predict.Rul.my.Rul.pet.1}{predict\137my\137pet}{}% 32
\BOOKMARK [1][-]{Rfn.predict.Rul.pets.1}{predict\137pets}{}% 33
\BOOKMARK [1][-]{Rfn.predict.Rul.pseudodata.1}{predict\137pseudodata}{}% 34
\BOOKMARK [1][-]{Rfn.printpar.1}{printpar}{}% 35
\BOOKMARK [1][-]{Rfn.printprd.1}{printprd}{}% 36
\BOOKMARK [1][-]{Rfn.print.Rul.filterflag.1}{print\137filterflag}{}% 37
\BOOKMARK [1][-]{Rfn.reach.Rul.birth.1}{reach\137birth}{}% 38
\BOOKMARK [1][-]{Rfn.reprod.Rul.rate.1}{reprod\137rate}{}% 39
\BOOKMARK [1][-]{Rfn.results.Rul.pets.1}{results\137pets}{}% 40
\BOOKMARK [1][-]{Rfn.rmpseudodata.1}{rmpseudodata}{}% 41
\BOOKMARK [1][-]{Rfn.setweights.1}{setweights}{}% 42
\BOOKMARK [1][-]{Rfn.tempcorr.1}{tempcorr}{}% 43
\BOOKMARK [1][-]{Rfn.warning.Rul.std.1}{warning\137std}{}% 44
