Hmm ... looks like a package
This is pdfTeX, Version 3.14159265-2.6-1.40.16 (MiKTeX 2.9)
entering extended mode
(Rd2.tex
LaTeX2e <2015/01/01> patch level 2
Babel <3.9m> and hyphenation patterns for 69 languages loaded.

("D:\Program Files\MiKTeX 2.9\tex\latex\base\book.cls"
Document Class: book 2014/09/29 v1.4h Standard LaTeX document class
("D:\Program Files\MiKTeX 2.9\tex\latex\base\bk10.clo"))
(D:/PROGRA~1/R/R-32~1.2/share/texmf/tex/latex\Rd.sty
("D:\Program Files\MiKTeX 2.9\tex\latex\base\ifthen.sty")
("D:\Program Files\MiKTeX 2.9\tex\latex\tools\longtable.sty")
("D:\Program Files\MiKTeX 2.9\tex\latex\tools\bm.sty")
("D:\Program Files\MiKTeX 2.9\tex\latex\base\alltt.sty")
("D:\Program Files\MiKTeX 2.9\tex\latex\tools\verbatim.sty")
(C:\Users\gmarques\AppData\Roaming\MiKTeX\2.9\tex\latex\url\url.sty)
("D:\Program Files\MiKTeX 2.9\tex\latex\base\textcomp.sty"
("D:\Program Files\MiKTeX 2.9\tex\latex\base\ts1enc.def"))
("D:\Program Files\MiKTeX 2.9\tex\latex\base\fontenc.sty"
("D:\Program Files\MiKTeX 2.9\tex\latex\base\t1enc.def"))
("D:\Program Files\MiKTeX 2.9\tex\latex\psnfss\times.sty"))
("D:\Program Files\MiKTeX 2.9\tex\latex\base\inputenc.sty"
("D:\Program Files\MiKTeX 2.9\tex\latex\base\utf8.def"
("D:\Program Files\MiKTeX 2.9\tex\latex\base\t1enc.dfu")
("D:\Program Files\MiKTeX 2.9\tex\latex\base\ot1enc.dfu")
("D:\Program Files\MiKTeX 2.9\tex\latex\base\omsenc.dfu")
("D:\Program Files\MiKTeX 2.9\tex\latex\base\ts1enc.dfu"))
("D:\Program Files\MiKTeX 2.9\tex\latex\base\latin1.def"))
No file Rd2.aux.
("D:\Program Files\MiKTeX 2.9\tex\latex\base\ts1cmr.fd")
("D:\Program Files\MiKTeX 2.9\tex\latex\psnfss\t1ptm.fd")
("D:\Program Files\MiKTeX 2.9\tex\latex\psnfss\t1pcr.fd")
("D:\Program Files\MiKTeX 2.9\tex\latex\psnfss\t1phv.fd")
No file Rd2.toc.
("D:\Program Files\MiKTeX 2.9\tex\latex\base\utf8.def") [1{C:/Users/gmarques/Ap
pData/Local/MiKTeX/2.9/pdftex/config/pdftex.map}]
("D:\Program Files\MiKTeX 2.9\tex\latex\base\utf8.def")
("D:\Program Files\MiKTeX 2.9\tex\latex\base\utf8.def") [2]
Overfull \hbox (63.78036pt too wide) in paragraph at lines 130--130
 []\T1/pcr/m/n/9 dget_lambdab2(10^(-6), 0, c(lambdab = 0.003, xb = 10/11, xb3 =
 (10/11)^(1/3), k = 1))[] 
("D:\Program Files\MiKTeX 2.9\tex\latex\base\utf8.def")
("D:\Program Files\MiKTeX 2.9\tex\latex\base\utf8.def") [3]
("D:\Program Files\MiKTeX 2.9\tex\latex\base\utf8.def") [4]
("D:\Program Files\MiKTeX 2.9\tex\latex\base\utf8.def")
("D:\Program Files\MiKTeX 2.9\tex\latex\base\utf8.def") [5]
("D:\Program Files\MiKTeX 2.9\tex\latex\base\utf8.def") [6]
("D:\Program Files\MiKTeX 2.9\tex\latex\base\utf8.def") [7] (Rd2.aux) )
(see the transcript file for additional information){D:/Program Files/MiKTeX 2.
9/fonts/enc/dvips/fontname/8r.enc}<D:/Program Files/MiKTeX 2.9/fonts/type1/urw/
courier/ucrr8a.pfb><D:/Program Files/MiKTeX 2.9/fonts/type1/urw/helvetic/uhvr8a
.pfb><D:/Program Files/MiKTeX 2.9/fonts/type1/urw/times/utmb8a.pfb><D:/Program 
Files/MiKTeX 2.9/fonts/type1/urw/times/utmr8a.pfb><D:/Program Files/MiKTeX 2.9/
fonts/type1/urw/times/utmr8a.pfb><D:/Program Files/MiKTeX 2.9/fonts/type1/urw/t
imes/utmri8a.pfb>
Output written on Rd2.pdf (7 pages, 76348 bytes).
Transcript written on Rd2.log.
This is pdfTeX, Version 3.14159265-2.6-1.40.16 (MiKTeX 2.9)
entering extended mode
(Rd2.tex
LaTeX2e <2015/01/01> patch level 2
Babel <3.9m> and hyphenation patterns for 69 languages loaded.

("D:\Program Files\MiKTeX 2.9\tex\latex\base\book.cls"
Document Class: book 2014/09/29 v1.4h Standard LaTeX document class
("D:\Program Files\MiKTeX 2.9\tex\latex\base\bk10.clo"))
(D:/PROGRA~1/R/R-32~1.2/share/texmf/tex/latex\Rd.sty
("D:\Program Files\MiKTeX 2.9\tex\latex\base\ifthen.sty")
("D:\Program Files\MiKTeX 2.9\tex\latex\tools\longtable.sty")
("D:\Program Files\MiKTeX 2.9\tex\latex\tools\bm.sty")
("D:\Program Files\MiKTeX 2.9\tex\latex\base\alltt.sty")
("D:\Program Files\MiKTeX 2.9\tex\latex\tools\verbatim.sty")
(C:\Users\gmarques\AppData\Roaming\MiKTeX\2.9\tex\latex\url\url.sty)
("D:\Program Files\MiKTeX 2.9\tex\latex\base\textcomp.sty"
("D:\Program Files\MiKTeX 2.9\tex\latex\base\ts1enc.def"))
("D:\Program Files\MiKTeX 2.9\tex\latex\base\fontenc.sty"
("D:\Program Files\MiKTeX 2.9\tex\latex\base\t1enc.def"))
("D:\Program Files\MiKTeX 2.9\tex\latex\psnfss\times.sty"))
("D:\Program Files\MiKTeX 2.9\tex\latex\base\inputenc.sty"
("D:\Program Files\MiKTeX 2.9\tex\latex\base\utf8.def"
("D:\Program Files\MiKTeX 2.9\tex\latex\base\t1enc.dfu")
("D:\Program Files\MiKTeX 2.9\tex\latex\base\ot1enc.dfu")
("D:\Program Files\MiKTeX 2.9\tex\latex\base\omsenc.dfu")
("D:\Program Files\MiKTeX 2.9\tex\latex\base\ts1enc.dfu"))
("D:\Program Files\MiKTeX 2.9\tex\latex\base\latin1.def")) (Rd2.aux)
("D:\Program Files\MiKTeX 2.9\tex\latex\base\ts1cmr.fd")
("D:\Program Files\MiKTeX 2.9\tex\latex\psnfss\t1ptm.fd")
("D:\Program Files\MiKTeX 2.9\tex\latex\psnfss\t1pcr.fd")
("D:\Program Files\MiKTeX 2.9\tex\latex\psnfss\t1phv.fd") (Rd2.toc)
("D:\Program Files\MiKTeX 2.9\tex\latex\base\utf8.def") [1{C:/Users/gmarques/Ap
pData/Local/MiKTeX/2.9/pdftex/config/pdftex.map}]
("D:\Program Files\MiKTeX 2.9\tex\latex\base\utf8.def")
("D:\Program Files\MiKTeX 2.9\tex\latex\base\utf8.def") [2]
Overfull \hbox (63.78036pt too wide) in paragraph at lines 130--130
 []\T1/pcr/m/n/9 dget_lambdab2(10^(-6), 0, c(lambdab = 0.003, xb = 10/11, xb3 =
 (10/11)^(1/3), k = 1))[] 
("D:\Program Files\MiKTeX 2.9\tex\latex\base\utf8.def") [3]
("D:\Program Files\MiKTeX 2.9\tex\latex\base\utf8.def")
("D:\Program Files\MiKTeX 2.9\tex\latex\base\utf8.def") [4]
("D:\Program Files\MiKTeX 2.9\tex\latex\base\utf8.def") [5]
("D:\Program Files\MiKTeX 2.9\tex\latex\base\utf8.def")
("D:\Program Files\MiKTeX 2.9\tex\latex\base\utf8.def") [6]
("D:\Program Files\MiKTeX 2.9\tex\latex\base\utf8.def") [7] (Rd2.aux) )
(see the transcript file for additional information){D:/Program Files/MiKTeX 2.
9/fonts/enc/dvips/fontname/8r.enc}<D:/Program Files/MiKTeX 2.9/fonts/type1/urw/
courier/ucrr8a.pfb><D:/Program Files/MiKTeX 2.9/fonts/type1/urw/helvetic/uhvr8a
.pfb><D:/Program Files/MiKTeX 2.9/fonts/type1/urw/times/utmb8a.pfb><D:/Program 
Files/MiKTeX 2.9/fonts/type1/urw/times/utmr8a.pfb><D:/Program Files/MiKTeX 2.9/
fonts/type1/urw/times/utmr8a.pfb><D:/Program Files/MiKTeX 2.9/fonts/type1/urw/t
imes/utmri8a.pfb>
Output written on Rd2.pdf (7 pages, 76180 bytes).
Transcript written on Rd2.log.
Saving output to 'DEBtoolAnimal-manual.pdf' ...
Done
You may want to clean up by 'rm -rf C:/Users/gmarques/AppData/Local/Temp/RtmpKWoLp8/Rd2pdf104425076e8c'
